<?xml version="1.0" encoding="UTF-8"?>
<testsuite xmlns:xsi="http://www.w3.org/2001/XMLSchema-instance" xsi:noNamespaceSchemaLocation="https://maven.apache.org/surefire/maven-surefire-plugin/xsd/surefire-test-report-3.0.xsd" version="3.0" name="TestSuite" time="24.607" tests="3" errors="0" skipped="0" failures="0">
  <properties>
[...]
</properties>
  <testcase name="userLogin" classname="com.CN.testcases.Hotel" time="1.336"/>
  <testcase name="bus" classname="com.CN.testcases.Bus" time="2.68"/>
  <testcase name="cab" classname="com.CN.testcases.Cab" time="2.952"/>
</testsuite>