<?xml version="1.0" encoding="UTF-8"?>
<testng-results skipped="1" failed="0" ignored="0" total="3" passed="2">
  <reporter-output>
    <line>
      <![CDATA[<a target="_blank" href=/home/anurag/eclipse-workspace/dataDriven/screenshot/bus/14_05_20_16_08_22_PM.png>Screenshot</a>]]>
    </line>
    <line>
      <![CDATA[Test script passed ]]>
    </line>
    <line>
      <![CDATA[capturing screenshot]]>
    </line>
    <line>
      <![CDATA[<a target="_blank" href=/home/anurag/eclipse-workspace/dataDriven/screenshot/cab/14_05_20_16_08_31_PM.png>Screenshot</a>]]>
    </line>
    <line>
      <![CDATA[Test script passed ]]>
    </line>
    <line>
      <![CDATA[capturing screenshot]]>
    </line>
  </reporter-output>
  <suite name="dataDrivenBasics" duration-ms="13230" started-at="2020-05-14T16:08:18 IST" finished-at="2020-05-14T16:08:31 IST">
    <groups>
    </groups>
    <test name="Hotel" duration-ms="83" started-at="2020-05-14T16:08:18 IST" finished-at="2020-05-14T16:08:18 IST">
      <class name="com.CN.testcases.Hotel">
        <test-method status="SKIP" signature="hotel()[pri:0, instance:com.CN.testcases.Hotel@201a4587]" name="hotel" duration-ms="61" started-at="2020-05-14T16:08:18 IST" finished-at="2020-05-14T16:08:18 IST">
          <exception class="org.testng.SkipException">
            <message>
              <![CDATA[Skippinng the test]]>
            </message>
            <full-stacktrace>
              <![CDATA[org.testng.SkipException: Skippinng the test
at com.CN.testcases.Hotel.hotel(Hotel.java:17)
at sun.reflect.NativeMethodAccessorImpl.invoke0(Native Method)
at sun.reflect.NativeMethodAccessorImpl.invoke(NativeMethodAccessorImpl.java:62)
at sun.reflect.DelegatingMethodAccessorImpl.invoke(DelegatingMethodAccessorImpl.java:43)
at java.lang.reflect.Method.invoke(Method.java:498)
at org.testng.internal.MethodInvocationHelper.invokeMethod(MethodInvocationHelper.java:134)
at org.testng.internal.TestInvoker.invokeMethod(TestInvoker.java:597)
at org.testng.internal.TestInvoker.invokeTestMethod(TestInvoker.java:173)
at org.testng.internal.MethodRunner.runInSequence(MethodRunner.java:46)
at org.testng.internal.TestInvoker$MethodInvocationAgent.invoke(TestInvoker.java:816)
at org.testng.internal.TestInvoker.invokeTestMethods(TestInvoker.java:146)
at org.testng.internal.TestMethodWorker.invokeTestMethods(TestMethodWorker.java:146)
at org.testng.internal.TestMethodWorker.run(TestMethodWorker.java:128)
at java.util.ArrayList.forEach(ArrayList.java:1257)
at org.testng.TestRunner.privateRun(TestRunner.java:766)
at org.testng.TestRunner.run(TestRunner.java:587)
at org.testng.SuiteRunner.runTest(SuiteRunner.java:384)
at org.testng.SuiteRunner.runSequentially(SuiteRunner.java:378)
at org.testng.SuiteRunner.privateRun(SuiteRunner.java:337)
at org.testng.SuiteRunner.run(SuiteRunner.java:286)
at org.testng.SuiteRunnerWorker.runSuite(SuiteRunnerWorker.java:53)
at org.testng.SuiteRunnerWorker.run(SuiteRunnerWorker.java:96)
at org.testng.TestNG.runSuitesSequentially(TestNG.java:1187)
at org.testng.TestNG.runSuitesLocally(TestNG.java:1109)
at org.testng.TestNG.runSuites(TestNG.java:1039)
at org.testng.TestNG.run(TestNG.java:1007)
at org.apache.maven.surefire.testng.TestNGExecutor.run(TestNGExecutor.java:283)
at org.apache.maven.surefire.testng.TestNGXmlTestSuite.execute(TestNGXmlTestSuite.java:75)
at org.apache.maven.surefire.testng.TestNGProvider.invoke(TestNGProvider.java:120)
at org.apache.maven.surefire.booter.ForkedBooter.runSuitesInProcess(ForkedBooter.java:377)
at org.apache.maven.surefire.booter.ForkedBooter.execute(ForkedBooter.java:138)
at org.apache.maven.surefire.booter.ForkedBooter.run(ForkedBooter.java:465)
at org.apache.maven.surefire.booter.ForkedBooter.main(ForkedBooter.java:451)
]]>
            </full-stacktrace>
          </exception> <!-- org.testng.SkipException -->
          <reporter-output>
          </reporter-output>
        </test-method> <!-- hotel -->
      </class> <!-- com.CN.testcases.Hotel -->
    </test> <!-- Hotel -->
    <test name="Bus" duration-ms="4270" started-at="2020-05-14T16:08:18 IST" finished-at="2020-05-14T16:08:22 IST">
      <class name="com.CN.testcases.Bus">
        <test-method status="PASS" signature="bus(java.lang.String)[pri:0, instance:com.CN.testcases.Bus@3f6f6701]" name="bus" duration-ms="3576" started-at="2020-05-14T16:08:18 IST" data-provider="dp" finished-at="2020-05-14T16:08:22 IST">
          <params>
            <param index="0">
              <value>
                <![CDATA[Delhi]]>
              </value>
            </param>
          </params>
          <reporter-output>
            <line>
              <![CDATA[<a target="_blank" href=/home/anurag/eclipse-workspace/dataDriven/screenshot/bus/14_05_20_16_08_22_PM.png>Screenshot</a>]]>
            </line>
            <line>
              <![CDATA[Test script passed ]]>
            </line>
            <line>
              <![CDATA[capturing screenshot]]>
            </line>
          </reporter-output>
        </test-method> <!-- bus -->
      </class> <!-- com.CN.testcases.Bus -->
    </test> <!-- Bus -->
    <test name="Cab" duration-ms="8807" started-at="2020-05-14T16:08:22 IST" finished-at="2020-05-14T16:08:31 IST">
      <class name="com.CN.testcases.Cab">
        <test-method status="PASS" signature="setup()[pri:0, instance:com.CN.testcases.Cab@60bd273d]" name="setup" is-config="true" duration-ms="24015" started-at="2020-05-14T16:07:54 IST" finished-at="2020-05-14T16:08:18 IST">
          <reporter-output>
          </reporter-output>
        </test-method> <!-- setup -->
        <test-method status="PASS" signature="cab(java.lang.String)[pri:0, instance:com.CN.testcases.Cab@60bd273d]" name="cab" duration-ms="8531" started-at="2020-05-14T16:08:22 IST" data-provider="dp" finished-at="2020-05-14T16:08:31 IST">
          <params>
            <param index="0">
              <value>
                <![CDATA[Goa]]>
              </value>
            </param>
          </params>
          <reporter-output>
            <line>
              <![CDATA[<a target="_blank" href=/home/anurag/eclipse-workspace/dataDriven/screenshot/cab/14_05_20_16_08_31_PM.png>Screenshot</a>]]>
            </line>
            <line>
              <![CDATA[Test script passed ]]>
            </line>
            <line>
              <![CDATA[capturing screenshot]]>
            </line>
          </reporter-output>
        </test-method> <!-- cab -->
        <test-method status="PASS" signature="tearup()[pri:0, instance:com.CN.testcases.Cab@60bd273d]" name="tearup" is-config="true" duration-ms="177" started-at="2020-05-14T16:08:31 IST" finished-at="2020-05-14T16:08:31 IST">
          <reporter-output>
          </reporter-output>
        </test-method> <!-- tearup -->
      </class> <!-- com.CN.testcases.Cab -->
    </test> <!-- Cab -->
  </suite> <!-- dataDrivenBasics -->
</testng-results>
