<?xml version="1.0" encoding="UTF-8"?>
<testng-results skipped="0" failed="0" ignored="0" total="2" passed="2">
  <reporter-output>
  </reporter-output>
  <suite name="dataDrivenBasics" duration-ms="3434" started-at="2020-05-10T02:18:07 IST" finished-at="2020-05-10T02:18:11 IST">
    <groups>
    </groups>
    <test name="Hotel" duration-ms="749" started-at="2020-05-10T02:18:07 IST" finished-at="2020-05-10T02:18:08 IST">
      <class name="com.CN.testcases.Hotel">
        <test-method status="PASS" signature="userLogin()[pri:0, instance:com.CN.testcases.Hotel@dd0c991]" name="userLogin" duration-ms="712" started-at="2020-05-10T02:18:07 IST" finished-at="2020-05-10T02:18:08 IST">
          <reporter-output>
          </reporter-output>
        </test-method> <!-- userLogin -->
      </class> <!-- com.CN.testcases.Hotel -->
    </test> <!-- Hotel -->
    <test name="Bus" duration-ms="2650" started-at="2020-05-10T02:18:08 IST" finished-at="2020-05-10T02:18:11 IST">
      <class name="com.CN.testcases.Bus">
        <test-method status="PASS" signature="setup()[pri:0, instance:com.CN.testcases.Bus@52102734]" name="setup" is-config="true" duration-ms="9405" started-at="2020-05-10T02:17:58 IST" finished-at="2020-05-10T02:18:07 IST">
          <reporter-output>
          </reporter-output>
        </test-method> <!-- setup -->
        <test-method status="PASS" signature="testBus(java.lang.String)[pri:0, instance:com.CN.testcases.Bus@52102734]" name="testBus" duration-ms="2633" started-at="2020-05-10T02:18:08 IST" data-provider="getData" finished-at="2020-05-10T02:18:11 IST">
          <params>
            <param index="0">
              <value>
                <![CDATA[Delhi]]>
              </value>
            </param>
          </params>
          <reporter-output>
          </reporter-output>
        </test-method> <!-- testBus -->
        <test-method status="PASS" signature="tearup()[pri:0, instance:com.CN.testcases.Bus@52102734]" name="tearup" is-config="true" duration-ms="82" started-at="2020-05-10T02:18:11 IST" finished-at="2020-05-10T02:18:11 IST">
          <reporter-output>
          </reporter-output>
        </test-method> <!-- tearup -->
      </class> <!-- com.CN.testcases.Bus -->
    </test> <!-- Bus -->
  </suite> <!-- dataDrivenBasics -->
</testng-results>
