<?xml version="1.0" encoding="UTF-8"?>
<testng-results skipped="0" failed="0" ignored="0" total="1" passed="1">
  <reporter-output>
  </reporter-output>
  <suite name="dataDrivenBasics" duration-ms="947" started-at="2020-05-06T16:47:25 IST" finished-at="2020-05-06T16:47:26 IST">
    <groups>
    </groups>
    <test name="Test" duration-ms="947" started-at="2020-05-06T16:47:25 IST" finished-at="2020-05-06T16:47:26 IST">
      <class name="com.CN.testcases.Login">
        <test-method status="PASS" signature="setup()[pri:0, instance:com.CN.testcases.Login@8646db9]" name="setup" is-config="true" duration-ms="9300" started-at="2020-05-06T16:47:16 IST" finished-at="2020-05-06T16:47:25 IST">
          <reporter-output>
          </reporter-output>
        </test-method> <!-- setup -->
        <test-method status="PASS" signature="userLogin()[pri:0, instance:com.CN.testcases.Login@8646db9]" name="userLogin" duration-ms="917" started-at="2020-05-06T16:47:25 IST" finished-at="2020-05-06T16:47:26 IST">
          <reporter-output>
          </reporter-output>
        </test-method> <!-- userLogin -->
        <test-method status="PASS" signature="tearup()[pri:0, instance:com.CN.testcases.Login@8646db9]" name="tearup" is-config="true" duration-ms="77" started-at="2020-05-06T16:47:26 IST" finished-at="2020-05-06T16:47:26 IST">
          <reporter-output>
          </reporter-output>
        </test-method> <!-- tearup -->
      </class> <!-- com.CN.testcases.Login -->
    </test> <!-- Test -->
  </suite> <!-- dataDrivenBasics -->
</testng-results>
