<?xml version="1.0" encoding="UTF-8"?>
<testng-results skipped="0" failed="1" ignored="0" total="2" passed="1">
  <reporter-output>
    <line>
      <![CDATA[<a target="_blank" href=/home/anurag/eclipse-workspace/dataDriven/screenshot/userLogin/10_05_20_14_02_32_PM.png>Screenshot</a>]]>
    </line>
    <line>
      <![CDATA[Test script passed ]]>
    </line>
    <line>
      <![CDATA[capturing screenshot]]>
    </line>
    <line>
      <![CDATA[<a target="_blank" href=/home/anurag/eclipse-workspace/dataDriven/screenshot/testBus/10_05_20_14_02_57_PM.png>Screenshot</a>]]>
    </line>
    <line>
      <![CDATA[Test script failed ]]>
    </line>
    <line>
      <![CDATA[capturing screenshot]]>
    </line>
  </reporter-output>
  <suite name="dataDrivenBasics" duration-ms="26671" started-at="2020-05-10T14:02:30 IST" finished-at="2020-05-10T14:02:57 IST">
    <groups>
    </groups>
    <test name="Hotel" duration-ms="2496" started-at="2020-05-10T14:02:30 IST" finished-at="2020-05-10T14:02:33 IST">
      <class name="com.CN.testcases.Hotel">
        <test-method status="PASS" signature="userLogin()[pri:0, instance:com.CN.testcases.Hotel@247d8ae]" name="userLogin" duration-ms="2122" started-at="2020-05-10T14:02:30 IST" finished-at="2020-05-10T14:02:32 IST">
          <reporter-output>
            <line>
              <![CDATA[<a target="_blank" href=/home/anurag/eclipse-workspace/dataDriven/screenshot/userLogin/10_05_20_14_02_32_PM.png>Screenshot</a>]]>
            </line>
            <line>
              <![CDATA[Test script passed ]]>
            </line>
            <line>
              <![CDATA[capturing screenshot]]>
            </line>
          </reporter-output>
        </test-method> <!-- userLogin -->
      </class> <!-- com.CN.testcases.Hotel -->
    </test> <!-- Hotel -->
    <test name="Bus" duration-ms="24155" started-at="2020-05-10T14:02:33 IST" finished-at="2020-05-10T14:02:57 IST">
      <class name="com.CN.testcases.Bus">
        <test-method status="PASS" signature="setup()[pri:0, instance:com.CN.testcases.Bus@429bffaa]" name="setup" is-config="true" duration-ms="16394" started-at="2020-05-10T14:02:14 IST" finished-at="2020-05-10T14:02:30 IST">
          <reporter-output>
          </reporter-output>
        </test-method> <!-- setup -->
        <test-method status="FAIL" signature="testBus(java.lang.String)[pri:0, instance:com.CN.testcases.Bus@429bffaa]" name="testBus" duration-ms="23893" started-at="2020-05-10T14:02:33 IST" data-provider="getData" finished-at="2020-05-10T14:02:57 IST">
          <params>
            <param index="0">
              <value>
                <![CDATA[Delhi]]>
              </value>
            </param>
          </params>
          <exception class="org.openqa.selenium.NoSuchElementException">
            <message>
              <![CDATA[no such element: Unable to locate element: {"method":"css selector","selector":"#gi_sourc"}
  (Session info: chrome=81.0.4044.129)
For documentation on this error, please visit: http://seleniumhq.org/exceptions/no_such_element.html
Build info: version: '3.8.1', revision: '6e95a6684b', time: '2017-12-01T18:33:54.468Z'
System info: host: 'kmaster', ip: '192.168.225.206', os.name: 'Linux', os.arch: 'amd64', os.version: '4.15.0-99-generic', java.version: '1.8.0_252'
Driver info: org.openqa.selenium.chrome.ChromeDriver
Capabilities {acceptInsecureCerts: false, browserName: chrome, browserVersion: 81.0.4044.129, chrome: {chromedriverVersion: 81.0.4044.69 (6813546031a4b..., userDataDir: /tmp/.com.google.Chrome.3EfPDD}, goog:chromeOptions: {debuggerAddress: localhost:41937}, javascriptEnabled: true, networkConnectionEnabled: false, pageLoadStrategy: normal, platform: LINUX, platformName: LINUX, proxy: Proxy(), setWindowRect: true, strictFileInteractability: false, timeouts: {implicit: 0, pageLoad: 300000, script: 30000}, unhandledPromptBehavior: dismiss and notify, webauthn:virtualAuthenticators: true}
Session ID: 3516df2a8d83025aafec1ad47229ddfb
*** Element info: {Using=id, value=gi_sourc}]]>
            </message>
            <full-stacktrace>
              <![CDATA[org.openqa.selenium.NoSuchElementException: no such element: Unable to locate element: {"method":"css selector","selector":"#gi_sourc"}
  (Session info: chrome=81.0.4044.129)
For documentation on this error, please visit: http://seleniumhq.org/exceptions/no_such_element.html
Build info: version: '3.8.1', revision: '6e95a6684b', time: '2017-12-01T18:33:54.468Z'
System info: host: 'kmaster', ip: '192.168.225.206', os.name: 'Linux', os.arch: 'amd64', os.version: '4.15.0-99-generic', java.version: '1.8.0_252'
Driver info: org.openqa.selenium.chrome.ChromeDriver
Capabilities {acceptInsecureCerts: false, browserName: chrome, browserVersion: 81.0.4044.129, chrome: {chromedriverVersion: 81.0.4044.69 (6813546031a4b..., userDataDir: /tmp/.com.google.Chrome.3EfPDD}, goog:chromeOptions: {debuggerAddress: localhost:41937}, javascriptEnabled: true, networkConnectionEnabled: false, pageLoadStrategy: normal, platform: LINUX, platformName: LINUX, proxy: Proxy(), setWindowRect: true, strictFileInteractability: false, timeouts: {implicit: 0, pageLoad: 300000, script: 30000}, unhandledPromptBehavior: dismiss and notify, webauthn:virtualAuthenticators: true}
Session ID: 3516df2a8d83025aafec1ad47229ddfb
*** Element info: {Using=id, value=gi_sourc}
at sun.reflect.NativeConstructorAccessorImpl.newInstance0(Native Method)
at sun.reflect.NativeConstructorAccessorImpl.newInstance(NativeConstructorAccessorImpl.java:62)
at sun.reflect.DelegatingConstructorAccessorImpl.newInstance(DelegatingConstructorAccessorImpl.java:45)
at java.lang.reflect.Constructor.newInstance(Constructor.java:423)
at org.openqa.selenium.remote.http.W3CHttpResponseCodec.createException(W3CHttpResponseCodec.java:187)
at org.openqa.selenium.remote.http.W3CHttpResponseCodec.decode(W3CHttpResponseCodec.java:122)
at org.openqa.selenium.remote.http.W3CHttpResponseCodec.decode(W3CHttpResponseCodec.java:49)
at org.openqa.selenium.remote.HttpCommandExecutor.execute(HttpCommandExecutor.java:164)
at org.openqa.selenium.remote.service.DriverCommandExecutor.execute(DriverCommandExecutor.java:83)
at org.openqa.selenium.remote.RemoteWebDriver.execute(RemoteWebDriver.java:601)
at org.openqa.selenium.remote.RemoteWebDriver.findElement(RemoteWebDriver.java:371)
at org.openqa.selenium.remote.RemoteWebDriver.findElementById(RemoteWebDriver.java:417)
at org.openqa.selenium.By$ById.findElement(By.java:218)
at org.openqa.selenium.remote.RemoteWebDriver.findElement(RemoteWebDriver.java:363)
at com.CN.testcases.Bus.testBus(Bus.java:22)
at sun.reflect.NativeMethodAccessorImpl.invoke0(Native Method)
at sun.reflect.NativeMethodAccessorImpl.invoke(NativeMethodAccessorImpl.java:62)
at sun.reflect.DelegatingMethodAccessorImpl.invoke(DelegatingMethodAccessorImpl.java:43)
at java.lang.reflect.Method.invoke(Method.java:498)
at org.testng.internal.MethodInvocationHelper.invokeMethod(MethodInvocationHelper.java:134)
at org.testng.internal.TestInvoker.invokeMethod(TestInvoker.java:597)
at org.testng.internal.TestInvoker.invokeTestMethod(TestInvoker.java:173)
at org.testng.internal.MethodRunner.runInSequence(MethodRunner.java:46)
at org.testng.internal.TestInvoker$MethodInvocationAgent.invoke(TestInvoker.java:816)
at org.testng.internal.TestInvoker.invokeTestMethods(TestInvoker.java:146)
at org.testng.internal.TestMethodWorker.invokeTestMethods(TestMethodWorker.java:146)
at org.testng.internal.TestMethodWorker.run(TestMethodWorker.java:128)
at java.util.ArrayList.forEach(ArrayList.java:1257)
at org.testng.TestRunner.privateRun(TestRunner.java:766)
at org.testng.TestRunner.run(TestRunner.java:587)
at org.testng.SuiteRunner.runTest(SuiteRunner.java:384)
at org.testng.SuiteRunner.runSequentially(SuiteRunner.java:378)
at org.testng.SuiteRunner.privateRun(SuiteRunner.java:337)
at org.testng.SuiteRunner.run(SuiteRunner.java:286)
at org.testng.SuiteRunnerWorker.runSuite(SuiteRunnerWorker.java:53)
at org.testng.SuiteRunnerWorker.run(SuiteRunnerWorker.java:96)
at org.testng.TestNG.runSuitesSequentially(TestNG.java:1187)
at org.testng.TestNG.runSuitesLocally(TestNG.java:1109)
at org.testng.TestNG.runSuites(TestNG.java:1039)
at org.testng.TestNG.run(TestNG.java:1007)
at org.testng.remote.AbstractRemoteTestNG.run(AbstractRemoteTestNG.java:115)
at org.testng.remote.RemoteTestNG.initAndRun(RemoteTestNG.java:251)
at org.testng.remote.RemoteTestNG.main(RemoteTestNG.java:77)
]]>
            </full-stacktrace>
          </exception> <!-- org.openqa.selenium.NoSuchElementException -->
          <reporter-output>
            <line>
              <![CDATA[<a target="_blank" href=/home/anurag/eclipse-workspace/dataDriven/screenshot/testBus/10_05_20_14_02_57_PM.png>Screenshot</a>]]>
            </line>
            <line>
              <![CDATA[Test script failed ]]>
            </line>
            <line>
              <![CDATA[capturing screenshot]]>
            </line>
          </reporter-output>
        </test-method> <!-- testBus -->
        <test-method status="PASS" signature="tearup()[pri:0, instance:com.CN.testcases.Bus@429bffaa]" name="tearup" is-config="true" duration-ms="75" started-at="2020-05-10T14:02:57 IST" finished-at="2020-05-10T14:02:57 IST">
          <reporter-output>
          </reporter-output>
        </test-method> <!-- tearup -->
      </class> <!-- com.CN.testcases.Bus -->
    </test> <!-- Bus -->
  </suite> <!-- dataDrivenBasics -->
</testng-results>
